  기말고사동튀기기.cpp
D:\컴퓨터그래픽스\기말고사공튀기기\기말고사동튀기기.cpp(13,11): warning C4244: '초기화 중': 'int'에서 'float'(으)로 변환하면서 데이터가 손실될 수 있습니다.
D:\컴퓨터그래픽스\기말고사공튀기기\기말고사동튀기기.cpp(14,11): warning C4244: '초기화 중': 'int'에서 'float'(으)로 변환하면서 데이터가 손실될 수 있습니다.
D:\컴퓨터그래픽스\기말고사공튀기기\기말고사동튀기기.cpp(51,22): warning C4244: '=': 'int'에서 'float'(으)로 변환하면서 데이터가 손실될 수 있습니다.
D:\컴퓨터그래픽스\기말고사공튀기기\기말고사동튀기기.cpp(52,22): warning C4244: '=': 'int'에서 'float'(으)로 변환하면서 데이터가 손실될 수 있습니다.
D:\컴퓨터그래픽스\기말고사공튀기기\기말고사동튀기기.cpp(61,9): warning C4244: '=': 'int'에서 'float'(으)로 변환하면서 데이터가 손실될 수 있습니다.
D:\컴퓨터그래픽스\기말고사공튀기기\기말고사동튀기기.cpp(65,14): warning C4244: '=': 'int'에서 'float'(으)로 변환하면서 데이터가 손실될 수 있습니다.
D:\컴퓨터그래픽스\기말고사공튀기기\기말고사동튀기기.cpp(73,8): warning C4244: '=': 'int'에서 'float'(으)로 변환하면서 데이터가 손실될 수 있습니다.
D:\컴퓨터그래픽스\기말고사공튀기기\기말고사동튀기기.cpp(77,13): warning C4244: '=': 'int'에서 'float'(으)로 변환하면서 데이터가 손실될 수 있습니다.
D:\컴퓨터그래픽스\기말고사공튀기기\기말고사동튀기기.cpp(111,10): warning C4244: '초기화 중': 'int'에서 'float'(으)로 변환하면서 데이터가 손실될 수 있습니다.
D:\컴퓨터그래픽스\기말고사공튀기기\기말고사동튀기기.cpp(144,24): warning C4244: '=': 'int'에서 'float'(으)로 변환하면서 데이터가 손실될 수 있습니다.
D:\컴퓨터그래픽스\기말고사공튀기기\기말고사동튀기기.cpp(187,14): warning C4244: '초기화 중': 'double'에서 'float'(으)로 변환하면서 데이터가 손실될 수 있습니다.
D:\컴퓨터그래픽스\기말고사공튀기기\기말고사동튀기기.cpp(210,27): warning C4244: '*=': 'double'에서 'float'(으)로 변환하면서 데이터가 손실될 수 있습니다.
D:\컴퓨터그래픽스\기말고사공튀기기\기말고사동튀기기.cpp(215,27): warning C4244: '*=': 'double'에서 'float'(으)로 변환하면서 데이터가 손실될 수 있습니다.
D:\컴퓨터그래픽스\기말고사공튀기기\기말고사동튀기기.cpp(220,27): warning C4244: '*=': 'double'에서 'float'(으)로 변환하면서 데이터가 손실될 수 있습니다.
D:\컴퓨터그래픽스\기말고사공튀기기\기말고사동튀기기.cpp(225,27): warning C4244: '*=': 'double'에서 'float'(으)로 변환하면서 데이터가 손실될 수 있습니다.
D:\컴퓨터그래픽스\기말고사공튀기기\기말고사동튀기기.cpp(239,24): warning C4244: '초기화 중': 'double'에서 'float'(으)로 변환하면서 데이터가 손실될 수 있습니다.
D:\컴퓨터그래픽스\기말고사공튀기기\기말고사동튀기기.cpp(290,8): warning C4101: 'bar_collison' :참조되지 않은 지역 변수입니다.
D:\컴퓨터그래픽스\기말고사공튀기기\기말고사동튀기기.cpp(328,21): warning C4244: '인수': 'int'에서 'GLfloat'(으)로 변환하면서 데이터가 손실될 수 있습니다.
D:\컴퓨터그래픽스\기말고사공튀기기\기말고사동튀기기.cpp(329,23): warning C4244: '인수': 'int'에서 'GLfloat'(으)로 변환하면서 데이터가 손실될 수 있습니다.
D:\컴퓨터그래픽스\기말고사공튀기기\기말고사동튀기기.cpp(329,14): warning C4244: '인수': 'int'에서 'GLfloat'(으)로 변환하면서 데이터가 손실될 수 있습니다.
D:\컴퓨터그래픽스\기말고사공튀기기\기말고사동튀기기.cpp(330,17): warning C4244: '인수': 'int'에서 'GLfloat'(으)로 변환하면서 데이터가 손실될 수 있습니다.
D:\컴퓨터그래픽스\기말고사공튀기기\기말고사동튀기기.cpp(331,21): warning C4244: '인수': 'int'에서 'GLfloat'(으)로 변환하면서 데이터가 손실될 수 있습니다.
D:\컴퓨터그래픽스\기말고사공튀기기\기말고사동튀기기.cpp(331,17): warning C4244: '인수': 'int'에서 'GLfloat'(으)로 변환하면서 데이터가 손실될 수 있습니다.
  기말고사공튀기기.vcxproj -> D:\컴퓨터그래픽스\기말고사공튀기기\x64\Debug\기말고사공튀기기.exe
