  기말고사동튀기기.cpp
D:\컴퓨터그래픽스\기말고사공튀기기 - 복사본\기말고사동튀기기.cpp(13,11): warning C4244: '초기화 중': 'int'에서 'float'(으)로 변환하면서 데이터가 손실될 수 있습니다.
D:\컴퓨터그래픽스\기말고사공튀기기 - 복사본\기말고사동튀기기.cpp(14,11): warning C4244: '초기화 중': 'int'에서 'float'(으)로 변환하면서 데이터가 손실될 수 있습니다.
D:\컴퓨터그래픽스\기말고사공튀기기 - 복사본\기말고사동튀기기.cpp(50,9): warning C4244: '초기화 중': 'int'에서 'float'(으)로 변환하면서 데이터가 손실될 수 있습니다.
D:\컴퓨터그래픽스\기말고사공튀기기 - 복사본\기말고사동튀기기.cpp(53,22): warning C4244: '=': 'int'에서 'float'(으)로 변환하면서 데이터가 손실될 수 있습니다.
D:\컴퓨터그래픽스\기말고사공튀기기 - 복사본\기말고사동튀기기.cpp(54,22): warning C4244: '=': 'int'에서 'float'(으)로 변환하면서 데이터가 손실될 수 있습니다.
D:\컴퓨터그래픽스\기말고사공튀기기 - 복사본\기말고사동튀기기.cpp(63,9): warning C4244: '=': 'int'에서 'float'(으)로 변환하면서 데이터가 손실될 수 있습니다.
D:\컴퓨터그래픽스\기말고사공튀기기 - 복사본\기말고사동튀기기.cpp(67,14): warning C4244: '=': 'int'에서 'float'(으)로 변환하면서 데이터가 손실될 수 있습니다.
D:\컴퓨터그래픽스\기말고사공튀기기 - 복사본\기말고사동튀기기.cpp(75,8): warning C4244: '=': 'int'에서 'float'(으)로 변환하면서 데이터가 손실될 수 있습니다.
D:\컴퓨터그래픽스\기말고사공튀기기 - 복사본\기말고사동튀기기.cpp(79,13): warning C4244: '=': 'int'에서 'float'(으)로 변환하면서 데이터가 손실될 수 있습니다.
D:\컴퓨터그래픽스\기말고사공튀기기 - 복사본\기말고사동튀기기.cpp(104,10): warning C4244: '초기화 중': 'int'에서 'float'(으)로 변환하면서 데이터가 손실될 수 있습니다.
D:\컴퓨터그래픽스\기말고사공튀기기 - 복사본\기말고사동튀기기.cpp(137,24): warning C4244: '=': 'int'에서 'float'(으)로 변환하면서 데이터가 손실될 수 있습니다.
D:\컴퓨터그래픽스\기말고사공튀기기 - 복사본\기말고사동튀기기.cpp(186,14): warning C4244: '초기화 중': 'double'에서 'float'(으)로 변환하면서 데이터가 손실될 수 있습니다.
D:\컴퓨터그래픽스\기말고사공튀기기 - 복사본\기말고사동튀기기.cpp(209,27): warning C4244: '*=': 'double'에서 'float'(으)로 변환하면서 데이터가 손실될 수 있습니다.
D:\컴퓨터그래픽스\기말고사공튀기기 - 복사본\기말고사동튀기기.cpp(214,27): warning C4244: '*=': 'double'에서 'float'(으)로 변환하면서 데이터가 손실될 수 있습니다.
D:\컴퓨터그래픽스\기말고사공튀기기 - 복사본\기말고사동튀기기.cpp(219,27): warning C4244: '*=': 'double'에서 'float'(으)로 변환하면서 데이터가 손실될 수 있습니다.
D:\컴퓨터그래픽스\기말고사공튀기기 - 복사본\기말고사동튀기기.cpp(224,27): warning C4244: '*=': 'double'에서 'float'(으)로 변환하면서 데이터가 손실될 수 있습니다.
D:\컴퓨터그래픽스\기말고사공튀기기 - 복사본\기말고사동튀기기.cpp(238,24): warning C4244: '초기화 중': 'double'에서 'float'(으)로 변환하면서 데이터가 손실될 수 있습니다.
D:\컴퓨터그래픽스\기말고사공튀기기 - 복사본\기말고사동튀기기.cpp(295,26): warning C4244: '=': 'float'에서 'int'(으)로 변환하면서 데이터가 손실될 수 있습니다.
D:\컴퓨터그래픽스\기말고사공튀기기 - 복사본\기말고사동튀기기.cpp(292,8): warning C4101: 'bar_collison' :참조되지 않은 지역 변수입니다.
D:\컴퓨터그래픽스\기말고사공튀기기 - 복사본\기말고사동튀기기.cpp(357,21): warning C4244: '인수': 'int'에서 'GLfloat'(으)로 변환하면서 데이터가 손실될 수 있습니다.
D:\컴퓨터그래픽스\기말고사공튀기기 - 복사본\기말고사동튀기기.cpp(358,23): warning C4244: '인수': 'int'에서 'GLfloat'(으)로 변환하면서 데이터가 손실될 수 있습니다.
D:\컴퓨터그래픽스\기말고사공튀기기 - 복사본\기말고사동튀기기.cpp(358,14): warning C4244: '인수': 'int'에서 'GLfloat'(으)로 변환하면서 데이터가 손실될 수 있습니다.
D:\컴퓨터그래픽스\기말고사공튀기기 - 복사본\기말고사동튀기기.cpp(359,17): warning C4244: '인수': 'int'에서 'GLfloat'(으)로 변환하면서 데이터가 손실될 수 있습니다.
D:\컴퓨터그래픽스\기말고사공튀기기 - 복사본\기말고사동튀기기.cpp(360,21): warning C4244: '인수': 'int'에서 'GLfloat'(으)로 변환하면서 데이터가 손실될 수 있습니다.
D:\컴퓨터그래픽스\기말고사공튀기기 - 복사본\기말고사동튀기기.cpp(360,17): warning C4244: '인수': 'int'에서 'GLfloat'(으)로 변환하면서 데이터가 손실될 수 있습니다.
  코드를 생성하고 있습니다.
  0 of 37 functions ( 0.0%) were compiled, the rest were copied from previous compilation.
    0 functions were new in current compilation
    0 functions had inline decision re-evaluated but remain unchanged
  코드를 생성했습니다.
  기말고사공튀기기.vcxproj -> D:\컴퓨터그래픽스\기말고사공튀기기 - 복사본\x64\Release\기말고사공튀기기.exe
